Exception in thread "DisconnectableInputStream source reader" org.gradle.api.UncheckedIOException: java.io.IOException: Bad file descriptor
	at org.gradle.internal.UncheckedException.throwAsUncheckedException(UncheckedException.java:62)
	at org.gradle.internal.UncheckedException.throwAsUncheckedException(UncheckedException.java:41)
	at org.gradle.util.internal.DisconnectableInputStream$1.run(DisconnectableInputStream.java:127)
	at java.base/java.lang.Thread.run(Thread.java:1583)
Caused by: java.io.IOException: Bad file descriptor
	at java.base/java.io.FileInputStream.readBytes(Native Method)
	at java.base/java.io.FileInputStream.read(FileInputStream.java:287)
	at java.base/java.io.BufferedInputStream.read1(BufferedInputStream.java:345)
	at java.base/java.io.BufferedInputStream.implRead(BufferedInputStream.java:420)
	at java.base/java.io.BufferedInputStream.read(BufferedInputStream.java:399)
	at org.gradle.util.internal.DisconnectableInputStream$1.run(DisconnectableInputStream.java:98)
	... 1 more
Exception in thread "DisconnectableInputStream source reader" org.gradle.api.UncheckedIOException: java.io.IOException: Bad file descriptor
	at org.gradle.internal.UncheckedException.throwAsUncheckedException(UncheckedException.java:62)
	at org.gradle.internal.UncheckedException.throwAsUncheckedException(UncheckedException.java:41)
	at org.gradle.util.internal.DisconnectableInputStream$1.run(DisconnectableInputStream.java:127)
	at java.base/java.lang.Thread.run(Thread.java:1583)
Caused by: java.io.IOException: Bad file descriptor
	at java.base/java.io.FileInputStream.readBytes(Native Method)
	at java.base/java.io.FileInputStream.read(FileInputStream.java:287)
	at java.base/java.io.BufferedInputStream.read1(BufferedInputStream.java:345)
	at java.base/java.io.BufferedInputStream.implRead(BufferedInputStream.java:420)
	at java.base/java.io.BufferedInputStream.read(BufferedInputStream.java:399)
	at org.gradle.util.internal.DisconnectableInputStream$1.run(DisconnectableInputStream.java:98)
	... 1 more
Exception in thread "DisconnectableInputStream source reader" org.gradle.api.UncheckedIOException: java.io.IOException: Bad file descriptor
	at org.gradle.internal.UncheckedException.throwAsUncheckedException(UncheckedException.java:62)
	at org.gradle.internal.UncheckedException.throwAsUncheckedException(UncheckedException.java:41)
	at org.gradle.util.internal.DisconnectableInputStream$1.run(DisconnectableInputStream.java:127)
	at java.base/java.lang.Thread.run(Thread.java:1583)
Caused by: java.io.IOException: Bad file descriptor
	at java.base/java.io.FileInputStream.readBytes(Native Method)
	at java.base/java.io.FileInputStream.read(FileInputStream.java:287)
	at java.base/java.io.BufferedInputStream.read1(BufferedInputStream.java:345)
	at java.base/java.io.BufferedInputStream.implRead(BufferedInputStream.java:420)
	at java.base/java.io.BufferedInputStream.read(BufferedInputStream.java:399)
	at org.gradle.util.internal.DisconnectableInputStream$1.run(DisconnectableInputStream.java:98)
	... 1 more
Exception in thread "DisconnectableInputStream source reader" org.gradle.api.UncheckedIOException: java.io.IOException: Bad file descriptor
	at org.gradle.internal.UncheckedException.throwAsUncheckedException(UncheckedException.java:62)
	at org.gradle.internal.UncheckedException.throwAsUncheckedException(UncheckedException.java:41)
	at org.gradle.util.internal.DisconnectableInputStream$1.run(DisconnectableInputStream.java:127)
	at java.base/java.lang.Thread.run(Thread.java:1583)
Caused by: java.io.IOException: Bad file descriptor
	at java.base/java.io.FileInputStream.readBytes(Native Method)
	at java.base/java.io.FileInputStream.read(FileInputStream.java:287)
	at java.base/java.io.BufferedInputStream.read1(BufferedInputStream.java:345)
	at java.base/java.io.BufferedInputStream.implRead(BufferedInputStream.java:420)
	at java.base/java.io.BufferedInputStream.read(BufferedInputStream.java:399)
	at org.gradle.util.internal.DisconnectableInputStream$1.run(DisconnectableInputStream.java:98)
	... 1 more

FAILURE: Build failed with an exception.

* What went wrong:
Task 'lintVitalAnalyzeRelease' not found in root project 'Investia' and its subprojects.

* Try:
> Run gradlew tasks to get a list of available tasks.
> For more on name expansion, please refer to https://docs.gradle.org/8.5/userguide/command_line_interface.html#sec:name_abbreviation in the Gradle documentation.
> Run with --stacktrace option to get the stack trace.
> Run with --info or --debug option to get more log output.
> Run with --scan to get full insights.
> Get more help at https://help.gradle.org.

BUILD FAILED in 14s
Exception in thread "DisconnectableInputStream source reader" org.gradle.api.UncheckedIOException: java.io.IOException: Bad file descriptor
	at org.gradle.internal.UncheckedException.throwAsUncheckedException(UncheckedException.java:62)
	at org.gradle.internal.UncheckedException.throwAsUncheckedException(UncheckedException.java:41)
	at org.gradle.util.internal.DisconnectableInputStream$1.run(DisconnectableInputStream.java:127)
	at java.base/java.lang.Thread.run(Thread.java:1583)
Caused by: java.io.IOException: Bad file descriptor
	at java.base/java.io.FileInputStream.readBytes(Native Method)
	at java.base/java.io.FileInputStream.read(FileInputStream.java:287)
	at java.base/java.io.BufferedInputStream.read1(BufferedInputStream.java:345)
	at java.base/java.io.BufferedInputStream.implRead(BufferedInputStream.java:420)
	at java.base/java.io.BufferedInputStream.read(BufferedInputStream.java:399)
	at org.gradle.util.internal.DisconnectableInputStream$1.run(DisconnectableInputStream.java:98)
	... 1 more
Exception in thread "DisconnectableInputStream source reader" org.gradle.api.UncheckedIOException: java.io.IOException: Bad file descriptor
	at org.gradle.internal.UncheckedException.throwAsUncheckedException(UncheckedException.java:62)
	at org.gradle.internal.UncheckedException.throwAsUncheckedException(UncheckedException.java:41)
	at org.gradle.util.internal.DisconnectableInputStream$1.run(DisconnectableInputStream.java:127)
	at java.base/java.lang.Thread.run(Thread.java:1583)
Caused by: java.io.IOException: Bad file descriptor
	at java.base/java.io.FileInputStream.readBytes(Native Method)
	at java.base/java.io.FileInputStream.read(FileInputStream.java:287)
	at java.base/java.io.BufferedInputStream.read1(BufferedInputStream.java:345)
	at java.base/java.io.BufferedInputStream.implRead(BufferedInputStream.java:420)
	at java.base/java.io.BufferedInputStream.read(BufferedInputStream.java:399)
	at org.gradle.util.internal.DisconnectableInputStream$1.run(DisconnectableInputStream.java:98)
	... 1 more
Exception in thread "DisconnectableInputStream source reader" org.gradle.api.UncheckedIOException: java.io.IOException: Bad file descriptor
	at org.gradle.internal.UncheckedException.throwAsUncheckedException(UncheckedException.java:62)
	at org.gradle.internal.UncheckedException.throwAsUncheckedException(UncheckedException.java:41)
	at org.gradle.util.internal.DisconnectableInputStream$1.run(DisconnectableInputStream.java:127)
	at java.base/java.lang.Thread.run(Thread.java:1583)
Caused by: java.io.IOException: Bad file descriptor
	at java.base/java.io.FileInputStream.readBytes(Native Method)
	at java.base/java.io.FileInputStream.read(FileInputStream.java:287)
	at java.base/java.io.BufferedInputStream.read1(BufferedInputStream.java:345)
	at java.base/java.io.BufferedInputStream.implRead(BufferedInputStream.java:420)
	at java.base/java.io.BufferedInputStream.read(BufferedInputStream.java:399)
	at org.gradle.util.internal.DisconnectableInputStream$1.run(DisconnectableInputStream.java:98)
	... 1 more
Exception in thread "DisconnectableInputStream source reader" org.gradle.api.UncheckedIOException: java.io.IOException: Bad file descriptor
	at org.gradle.internal.UncheckedException.throwAsUncheckedException(UncheckedException.java:62)
	at org.gradle.internal.UncheckedException.throwAsUncheckedException(UncheckedException.java:41)
	at org.gradle.util.internal.DisconnectableInputStream$1.run(DisconnectableInputStream.java:127)
	at java.base/java.lang.Thread.run(Thread.java:1583)
Caused by: java.io.IOException: Bad file descriptor
	at java.base/java.io.FileInputStream.readBytes(Native Method)
	at java.base/java.io.FileInputStream.read(FileInputStream.java:287)
	at java.base/java.io.BufferedInputStream.read1(BufferedInputStream.java:345)
	at java.base/java.io.BufferedInputStream.implRead(BufferedInputStream.java:420)
	at java.base/java.io.BufferedInputStream.read(BufferedInputStream.java:399)
	at org.gradle.util.internal.DisconnectableInputStream$1.run(DisconnectableInputStream.java:98)
	... 1 more
Exception in thread "DisconnectableInputStream source reader" org.gradle.api.UncheckedIOException: java.io.IOException: Bad file descriptor
	at org.gradle.internal.UncheckedException.throwAsUncheckedException(UncheckedException.java:62)
	at org.gradle.internal.UncheckedException.throwAsUncheckedException(UncheckedException.java:41)
	at org.gradle.util.internal.DisconnectableInputStream$1.run(DisconnectableInputStream.java:127)
	at java.base/java.lang.Thread.run(Thread.java:1583)
Caused by: java.io.IOException: Bad file descriptor
	at java.base/java.io.FileInputStream.readBytes(Native Method)
	at java.base/java.io.FileInputStream.read(FileInputStream.java:287)
	at java.base/java.io.BufferedInputStream.read1(BufferedInputStream.java:345)
	at java.base/java.io.BufferedInputStream.implRead(BufferedInputStream.java:420)
	at java.base/java.io.BufferedInputStream.read(BufferedInputStream.java:399)
	at org.gradle.util.internal.DisconnectableInputStream$1.run(DisconnectableInputStream.java:98)
	... 1 more
Exception in thread "DisconnectableInputStream source reader" org.gradle.api.UncheckedIOException: java.io.IOException: Bad file descriptor
	at org.gradle.internal.UncheckedException.throwAsUncheckedException(UncheckedException.java:62)
	at org.gradle.internal.UncheckedException.throwAsUncheckedException(UncheckedException.java:41)
	at org.gradle.util.internal.DisconnectableInputStream$1.run(DisconnectableInputStream.java:127)
	at java.base/java.lang.Thread.run(Thread.java:1583)
Caused by: java.io.IOException: Bad file descriptor
	at java.base/java.io.FileInputStream.readBytes(Native Method)
	at java.base/java.io.FileInputStream.read(FileInputStream.java:287)
	at java.base/java.io.BufferedInputStream.read1(BufferedInputStream.java:345)
	at java.base/java.io.BufferedInputStream.implRead(BufferedInputStream.java:420)
	at java.base/java.io.BufferedInputStream.read(BufferedInputStream.java:399)
	at org.gradle.util.internal.DisconnectableInputStream$1.run(DisconnectableInputStream.java:98)
	... 1 more
